<?xml version="1.0" encoding="UTF-8"?>
<!-- Generated by org.testng.reporters.JUnitReportReporter -->
<testsuite name="com.icetcm.tests.ICETCMTest" tests="1" time="45.920" ignored="0" failures="0" timestamp="14 Sep 2017 09:04:35 GMT" skipped="0" hostname="IBM655-PC07ZFRS" errors="0">
  <testcase name="icetTest" time="45.920" classname="com.icetcm.tests.ICETCMTest"/>
</testsuite> <!-- com.icetcm.tests.ICETCMTest -->
